2020-02-06 06:44:04,912 - instagram_scraper.app - INFO - Saving metadata general information on ashlynglasheen.json
2020-02-06 06:44:06,595 - instagram_scraper.app - INFO - Saving metadata general information on t_reymore.json
2020-02-06 06:44:07,394 - instagram_scraper.app - INFO - Saving metadata general information on elliott_garcia23.json
2020-02-06 06:44:07,933 - instagram_scraper.app - WARNING - Retry after exception HTTPError('429 Client Error: - for url: https://www.instagram.com/graphql/query/?query_hash=33ba35852cb50da46f5b5e889df7d159&variables=%7B%22shortcode%22:%22Br_M9mLFBz8%22,%22first%22:50,%22after%22:%22%22%7D',) on https://www.instagram.com/graphql/query/?query_hash=33ba35852cb50da46f5b5e889df7d159&variables={"shortcode":"Br_M9mLFBz8","first":50,"after":""}
2020-02-06 06:44:07,935 - instagram_scraper.app - WARNING - Retry after exception HTTPError('429 Client Error: - for url: https://www.instagram.com/graphql/query/?query_hash=33ba35852cb50da46f5b5e889df7d159&variables=%7B%22shortcode%22:%22B78ciP5JHZA%22,%22first%22:50,%22after%22:%22%22%7D',) on https://www.instagram.com/graphql/query/?query_hash=33ba35852cb50da46f5b5e889df7d159&variables={"shortcode":"B78ciP5JHZA","first":50,"after":""}
2020-02-06 06:44:08,606 - instagram_scraper.app - WARNING - Retry after exception HTTPError('429 Client Error: - for url: https://www.instagram.com/graphql/query/?query_hash=33ba35852cb50da46f5b5e889df7d159&variables=%7B%22shortcode%22:%22B8M3KYqphoa%22,%22first%22:50,%22after%22:%22%22%7D',) on https://www.instagram.com/graphql/query/?query_hash=33ba35852cb50da46f5b5e889df7d159&variables={"shortcode":"B8M3KYqphoa","first":50,"after":""}
2020-02-06 06:44:09,288 - instagram_scraper.app - WARNING - Retry after exception HTTPError('429 Client Error: - for url: https://www.instagram.com/graphql/query/?query_hash=33ba35852cb50da46f5b5e889df7d159&variables=%7B%22shortcode%22:%22B8NBrCLggXe%22,%22first%22:50,%22after%22:%22%22%7D',) on https://www.instagram.com/graphql/query/?query_hash=33ba35852cb50da46f5b5e889df7d159&variables={"shortcode":"B8NBrCLggXe","first":50,"after":""}
2020-02-06 06:44:09,710 - instagram_scraper.app - WARNING - Retry after exception HTTPError('429 Client Error: - for url: https://www.instagram.com/graphql/query/?query_hash=33ba35852cb50da46f5b5e889df7d159&variables=%7B%22shortcode%22:%22B5JTKJWHDUA%22,%22first%22:50,%22after%22:%22%22%7D',) on https://www.instagram.com/graphql/query/?query_hash=33ba35852cb50da46f5b5e889df7d159&variables={"shortcode":"B5JTKJWHDUA","first":50,"after":""}
2020-02-06 06:44:10,003 - instagram_scraper.app - WARNING - Retry after exception HTTPError('429 Client Error: - for url: https://www.instagram.com/graphql/query/?query_hash=33ba35852cb50da46f5b5e889df7d159&variables=%7B%22shortcode%22:%22B1NN6fzBU_o%22,%22first%22:50,%22after%22:%22%22%7D',) on https://www.instagram.com/graphql/query/?query_hash=33ba35852cb50da46f5b5e889df7d159&variables={"shortcode":"B1NN6fzBU_o","first":50,"after":""}
2020-02-06 06:44:13,064 - instagram_scraper.app - WARNING - Retry after exception HTTPError('429 Client Error: - for url: https://www.instagram.com/graphql/query/?query_hash=33ba35852cb50da46f5b5e889df7d159&variables=%7B%22shortcode%22:%22B78ciP5JHZA%22,%22first%22:50,%22after%22:%22%22%7D',) on https://www.instagram.com/graphql/query/?query_hash=33ba35852cb50da46f5b5e889df7d159&variables={"shortcode":"B78ciP5JHZA","first":50,"after":""}
2020-02-06 06:44:13,082 - instagram_scraper.app - WARNING - Retry after exception HTTPError('429 Client Error: - for url: https://www.instagram.com/graphql/query/?query_hash=33ba35852cb50da46f5b5e889df7d159&variables=%7B%22shortcode%22:%22Br_M9mLFBz8%22,%22first%22:50,%22after%22:%22%22%7D',) on https://www.instagram.com/graphql/query/?query_hash=33ba35852cb50da46f5b5e889df7d159&variables={"shortcode":"Br_M9mLFBz8","first":50,"after":""}
2020-02-06 06:44:13,718 - instagram_scraper.app - WARNING - Retry after exception HTTPError('429 Client Error: - for url: https://www.instagram.com/graphql/query/?query_hash=33ba35852cb50da46f5b5e889df7d159&variables=%7B%22shortcode%22:%22B8M3KYqphoa%22,%22first%22:50,%22after%22:%22%22%7D',) on https://www.instagram.com/graphql/query/?query_hash=33ba35852cb50da46f5b5e889df7d159&variables={"shortcode":"B8M3KYqphoa","first":50,"after":""}
2020-02-06 06:44:14,419 - instagram_scraper.app - WARNING - Retry after exception HTTPError('429 Client Error: - for url: https://www.instagram.com/graphql/query/?query_hash=33ba35852cb50da46f5b5e889df7d159&variables=%7B%22shortcode%22:%22B8NBrCLggXe%22,%22first%22:50,%22after%22:%22%22%7D',) on https://www.instagram.com/graphql/query/?query_hash=33ba35852cb50da46f5b5e889df7d159&variables={"shortcode":"B8NBrCLggXe","first":50,"after":""}
2020-02-06 06:44:14,829 - instagram_scraper.app - WARNING - Retry after exception HTTPError('429 Client Error: - for url: https://www.instagram.com/graphql/query/?query_hash=33ba35852cb50da46f5b5e889df7d159&variables=%7B%22shortcode%22:%22B5JTKJWHDUA%22,%22first%22:50,%22after%22:%22%22%7D',) on https://www.instagram.com/graphql/query/?query_hash=33ba35852cb50da46f5b5e889df7d159&variables={"shortcode":"B5JTKJWHDUA","first":50,"after":""}
2020-02-06 06:44:15,122 - instagram_scraper.app - WARNING - Retry after exception HTTPError('429 Client Error: - for url: https://www.instagram.com/graphql/query/?query_hash=33ba35852cb50da46f5b5e889df7d159&variables=%7B%22shortcode%22:%22B1NN6fzBU_o%22,%22first%22:50,%22after%22:%22%22%7D',) on https://www.instagram.com/graphql/query/?query_hash=33ba35852cb50da46f5b5e889df7d159&variables={"shortcode":"B1NN6fzBU_o","first":50,"after":""}
2020-02-06 06:44:23,183 - instagram_scraper.app - WARNING - Retry after exception HTTPError('429 Client Error: - for url: https://www.instagram.com/graphql/query/?query_hash=33ba35852cb50da46f5b5e889df7d159&variables=%7B%22shortcode%22:%22B78ciP5JHZA%22,%22first%22:50,%22after%22:%22%22%7D',) on https://www.instagram.com/graphql/query/?query_hash=33ba35852cb50da46f5b5e889df7d159&variables={"shortcode":"B78ciP5JHZA","first":50,"after":""}
2020-02-06 06:44:23,219 - instagram_scraper.app - WARNING - Retry after exception HTTPError('429 Client Error: - for url: https://www.instagram.com/graphql/query/?query_hash=33ba35852cb50da46f5b5e889df7d159&variables=%7B%22shortcode%22:%22Br_M9mLFBz8%22,%22first%22:50,%22after%22:%22%22%7D',) on https://www.instagram.com/graphql/query/?query_hash=33ba35852cb50da46f5b5e889df7d159&variables={"shortcode":"Br_M9mLFBz8","first":50,"after":""}
2020-02-06 06:44:23,881 - instagram_scraper.app - WARNING - Retry after exception HTTPError('429 Client Error: - for url: https://www.instagram.com/graphql/query/?query_hash=33ba35852cb50da46f5b5e889df7d159&variables=%7B%22shortcode%22:%22B8M3KYqphoa%22,%22first%22:50,%22after%22:%22%22%7D',) on https://www.instagram.com/graphql/query/?query_hash=33ba35852cb50da46f5b5e889df7d159&variables={"shortcode":"B8M3KYqphoa","first":50,"after":""}
2020-02-06 06:44:24,545 - instagram_scraper.app - WARNING - Retry after exception HTTPError('429 Client Error: - for url: https://www.instagram.com/graphql/query/?query_hash=33ba35852cb50da46f5b5e889df7d159&variables=%7B%22shortcode%22:%22B8NBrCLggXe%22,%22first%22:50,%22after%22:%22%22%7D',) on https://www.instagram.com/graphql/query/?query_hash=33ba35852cb50da46f5b5e889df7d159&variables={"shortcode":"B8NBrCLggXe","first":50,"after":""}
2020-02-06 06:44:24,967 - instagram_scraper.app - WARNING - Retry after exception HTTPError('429 Client Error: - for url: https://www.instagram.com/graphql/query/?query_hash=33ba35852cb50da46f5b5e889df7d159&variables=%7B%22shortcode%22:%22B5JTKJWHDUA%22,%22first%22:50,%22after%22:%22%22%7D',) on https://www.instagram.com/graphql/query/?query_hash=33ba35852cb50da46f5b5e889df7d159&variables={"shortcode":"B5JTKJWHDUA","first":50,"after":""}
2020-02-06 06:44:25,266 - instagram_scraper.app - WARNING - Retry after exception HTTPError('429 Client Error: - for url: https://www.instagram.com/graphql/query/?query_hash=33ba35852cb50da46f5b5e889df7d159&variables=%7B%22shortcode%22:%22B1NN6fzBU_o%22,%22first%22:50,%22after%22:%22%22%7D',) on https://www.instagram.com/graphql/query/?query_hash=33ba35852cb50da46f5b5e889df7d159&variables={"shortcode":"B1NN6fzBU_o","first":50,"after":""}
2020-02-06 06:44:43,330 - instagram_scraper.app - WARNING - Retry after exception HTTPError('429 Client Error: - for url: https://www.instagram.com/graphql/query/?query_hash=33ba35852cb50da46f5b5e889df7d159&variables=%7B%22shortcode%22:%22B78ciP5JHZA%22,%22first%22:50,%22after%22:%22%22%7D',) on https://www.instagram.com/graphql/query/?query_hash=33ba35852cb50da46f5b5e889df7d159&variables={"shortcode":"B78ciP5JHZA","first":50,"after":""}
2020-02-06 06:44:43,395 - instagram_scraper.app - WARNING - Retry after exception HTTPError('429 Client Error: - for url: https://www.instagram.com/graphql/query/?query_hash=33ba35852cb50da46f5b5e889df7d159&variables=%7B%22shortcode%22:%22Br_M9mLFBz8%22,%22first%22:50,%22after%22:%22%22%7D',) on https://www.instagram.com/graphql/query/?query_hash=33ba35852cb50da46f5b5e889df7d159&variables={"shortcode":"Br_M9mLFBz8","first":50,"after":""}
2020-02-06 06:44:44,016 - instagram_scraper.app - WARNING - Retry after exception HTTPError('429 Client Error: - for url: https://www.instagram.com/graphql/query/?query_hash=33ba35852cb50da46f5b5e889df7d159&variables=%7B%22shortcode%22:%22B8M3KYqphoa%22,%22first%22:50,%22after%22:%22%22%7D',) on https://www.instagram.com/graphql/query/?query_hash=33ba35852cb50da46f5b5e889df7d159&variables={"shortcode":"B8M3KYqphoa","first":50,"after":""}
2020-02-06 06:44:44,690 - instagram_scraper.app - WARNING - Retry after exception HTTPError('429 Client Error: - for url: https://www.instagram.com/graphql/query/?query_hash=33ba35852cb50da46f5b5e889df7d159&variables=%7B%22shortcode%22:%22B8NBrCLggXe%22,%22first%22:50,%22after%22:%22%22%7D',) on https://www.instagram.com/graphql/query/?query_hash=33ba35852cb50da46f5b5e889df7d159&variables={"shortcode":"B8NBrCLggXe","first":50,"after":""}
2020-02-06 06:44:45,129 - instagram_scraper.app - WARNING - Retry after exception HTTPError('429 Client Error: - for url: https://www.instagram.com/graphql/query/?query_hash=33ba35852cb50da46f5b5e889df7d159&variables=%7B%22shortcode%22:%22B5JTKJWHDUA%22,%22first%22:50,%22after%22:%22%22%7D',) on https://www.instagram.com/graphql/query/?query_hash=33ba35852cb50da46f5b5e889df7d159&variables={"shortcode":"B5JTKJWHDUA","first":50,"after":""}
2020-02-06 06:44:45,402 - instagram_scraper.app - WARNING - Retry after exception HTTPError('429 Client Error: - for url: https://www.instagram.com/graphql/query/?query_hash=33ba35852cb50da46f5b5e889df7d159&variables=%7B%22shortcode%22:%22B1NN6fzBU_o%22,%22first%22:50,%22after%22:%22%22%7D',) on https://www.instagram.com/graphql/query/?query_hash=33ba35852cb50da46f5b5e889df7d159&variables={"shortcode":"B1NN6fzBU_o","first":50,"after":""}
2020-02-06 06:45:23,494 - instagram_scraper.app - WARNING - Retry after exception HTTPError('429 Client Error: - for url: https://www.instagram.com/graphql/query/?query_hash=33ba35852cb50da46f5b5e889df7d159&variables=%7B%22shortcode%22:%22B78ciP5JHZA%22,%22first%22:50,%22after%22:%22%22%7D',) on https://www.instagram.com/graphql/query/?query_hash=33ba35852cb50da46f5b5e889df7d159&variables={"shortcode":"B78ciP5JHZA","first":50,"after":""}
2020-02-06 06:45:23,560 - instagram_scraper.app - WARNING - Retry after exception HTTPError('429 Client Error: - for url: https://www.instagram.com/graphql/query/?query_hash=33ba35852cb50da46f5b5e889df7d159&variables=%7B%22shortcode%22:%22Br_M9mLFBz8%22,%22first%22:50,%22after%22:%22%22%7D',) on https://www.instagram.com/graphql/query/?query_hash=33ba35852cb50da46f5b5e889df7d159&variables={"shortcode":"Br_M9mLFBz8","first":50,"after":""}
2020-02-06 06:45:24,179 - instagram_scraper.app - WARNING - Retry after exception HTTPError('429 Client Error: - for url: https://www.instagram.com/graphql/query/?query_hash=33ba35852cb50da46f5b5e889df7d159&variables=%7B%22shortcode%22:%22B8M3KYqphoa%22,%22first%22:50,%22after%22:%22%22%7D',) on https://www.instagram.com/graphql/query/?query_hash=33ba35852cb50da46f5b5e889df7d159&variables={"shortcode":"B8M3KYqphoa","first":50,"after":""}
2020-02-06 06:45:24,872 - instagram_scraper.app - WARNING - Retry after exception HTTPError('429 Client Error: - for url: https://www.instagram.com/graphql/query/?query_hash=33ba35852cb50da46f5b5e889df7d159&variables=%7B%22shortcode%22:%22B8NBrCLggXe%22,%22first%22:50,%22after%22:%22%22%7D',) on https://www.instagram.com/graphql/query/?query_hash=33ba35852cb50da46f5b5e889df7d159&variables={"shortcode":"B8NBrCLggXe","first":50,"after":""}
2020-02-06 06:45:25,290 - instagram_scraper.app - WARNING - Retry after exception HTTPError('429 Client Error: - for url: https://www.instagram.com/graphql/query/?query_hash=33ba35852cb50da46f5b5e889df7d159&variables=%7B%22shortcode%22:%22B5JTKJWHDUA%22,%22first%22:50,%22after%22:%22%22%7D',) on https://www.instagram.com/graphql/query/?query_hash=33ba35852cb50da46f5b5e889df7d159&variables={"shortcode":"B5JTKJWHDUA","first":50,"after":""}
2020-02-06 06:45:25,563 - instagram_scraper.app - WARNING - Retry after exception HTTPError('429 Client Error: - for url: https://www.instagram.com/graphql/query/?query_hash=33ba35852cb50da46f5b5e889df7d159&variables=%7B%22shortcode%22:%22B1NN6fzBU_o%22,%22first%22:50,%22after%22:%22%22%7D',) on https://www.instagram.com/graphql/query/?query_hash=33ba35852cb50da46f5b5e889df7d159&variables={"shortcode":"B1NN6fzBU_o","first":50,"after":""}
2020-02-06 07:51:14,122 - instagram_scraper.app - INFO - The user has chosen to abort
2020-02-06 07:51:15,491 - instagram_scraper.app - INFO - The user has chosen to abort
2020-02-06 07:51:15,997 - instagram_scraper.app - INFO - The user has chosen to abort
2020-02-06 07:51:16,153 - instagram_scraper.app - INFO - The user has chosen to abort
2020-02-06 07:51:16,304 - instagram_scraper.app - INFO - The user has chosen to abort
he user has chosen to abort
2020-02-06 07:51:15,997 - instagram_scraper.app - INFO - The user has chosen to abort
2020-02-06 07:51:16,153 - instagram_scraper.app - INFO - The user has chosen to abort
2020-02-06 07:51:16,304 - instagram_scraper.app - INFO - The user has chosen to abort
 07:51:14,122 - instagram_scraper.app - INFO - The user has chosen to abort
2020-02-06 07:51:15,491 - instagram_scraper.app - INFO - The user has chosen to abort
2020-02-06 07:51:15,997 - instagram_scraper.app - INFO - The user has chosen to abort
2020-02-06 07:51:16,153 - instagram_scraper.app - INFO - The user has chosen to abort
2020-02-06 07:51:16,304 - instagram_scraper.app - INFO - The user has chosen to abort
The user has chosen to abort
2020-02-06 07:51:16,304 - instagram_scraper.app - INFO - The user has chosen to abort
user has chosen to abort
2020-02-06 07:51:16,304 - instagram_scraper.app - INFO - The user has chosen to abort
app - INFO - The user has chosen to abort
2020-02-06 07:51:15,491 - instagram_scraper.app - INFO - The user has chosen to abort
2020-02-06 07:51:15,997 - instagram_scraper.app - INFO - The user has chosen to abort
2020-02-06 07:51:16,153 - instagram_scraper.app - INFO - The user has chosen to abort
2020-02-06 07:51:16,304 - instagram_scraper.app - INFO - The user has chosen to abort
r.app - INFO - The user has chosen to abort
2020-02-06 07:51:15,491 - instagram_scraper.app - INFO - The user has chosen to abort
2020-02-06 07:51:15,997 - instagram_scraper.app - INFO - The user has chosen to abort
2020-02-06 07:51:16,153 - instagram_scraper.app - INFO - The user has chosen to abort
2020-02-06 07:51:16,304 - instagram_scraper.app - INFO - The user has chosen to abort
ser has chosen to abort
2020-02-06 07:51:16,304 - instagram_scraper.app - INFO - The user has chosen to abort
 user has chosen to abort
2020-02-06 07:51:16,304 - instagram_scraper.app - INFO - The user has chosen to abort
20-02-06 07:51:16,304 - instagram_scraper.app - INFO - The user has chosen to abort
51:15,997 - instagram_scraper.app - INFO - The user has chosen to abort
2020-02-06 07:51:16,153 - instagram_scraper.app - INFO - The user has chosen to abort
2020-02-06 07:51:16,304 - instagram_scraper.app - INFO - The user has chosen to abort
app - INFO - The user has chosen to abort
2020-02-06 07:51:16,153 - instagram_scraper.app - INFO - The user has chosen to abort
2020-02-06 07:51:16,304 - instagram_scraper.app - INFO - The user has chosen to abort
6 07:51:14,122 - instagram_scraper.app - INFO - The user has chosen to abort
2020-02-06 07:51:15,491 - instagram_scraper.app - INFO - The user has chosen to abort
2020-02-06 07:51:15,997 - instagram_scraper.app - INFO - The user has chosen to abort
2020-02-06 07:51:16,153 - instagram_scraper.app - INFO - The user has chosen to abort
2020-02-06 07:51:16,304 - instagram_scraper.app - INFO - The user has chosen to abort
2cb50da46f5b5e889df7d159&variables=%7B%22shortcode%22:%22B1NN6fzBU_o%22,%22first%22:50,%22after%22:%22%22%7D',) on https://www.instagram.com/graphql/query/?query_hash=33ba35852cb50da46f5b5e889df7d159&variables={"shortcode":"B1NN6fzBU_o","first":50,"after":""}
2020-02-06 07:51:14,122 - instagram_scraper.app - INFO - The user has chosen to abort
2020-02-06 07:51:15,491 - instagram_scraper.app - INFO - The user has chosen to abort
2020-02-06 07:51:15,997 - instagram_scraper.app - INFO - The user has chosen to abort
2020-02-06 07:51:16,153 - instagram_scraper.app - INFO - The user has chosen to abort
2020-02-06 07:51:16,304 - instagram_scraper.app - INFO - The user has chosen to abort
agram_scraper.app - INFO - The user has chosen to abort
2020-02-06 07:51:15,997 - instagram_scraper.app - INFO - The user has chosen to abort
2020-02-06 07:51:16,153 - instagram_scraper.app - INFO - The user has chosen to abort
2020-02-06 07:51:16,304 - instagram_scraper.app - INFO - The user has chosen to abort
FO - The user has chosen to abort
2020-02-06 07:51:16,304 - instagram_scraper.app - INFO - The user has chosen to abort
stagram_scraper.app - INFO - The user has chosen to abort
2020-02-06 07:51:15,491 - instagram_scraper.app - INFO - The user has chosen to abort
2020-02-06 07:51:15,997 - instagram_scraper.app - INFO - The user has chosen to abort
2020-02-06 07:51:16,153 - instagram_scraper.app - INFO - The user has chosen to abort
2020-02-06 07:51:16,304 - instagram_scraper.app - INFO - The user has chosen to abort
20-02-06 07:51:15,491 - instagram_scraper.app - INFO - The user has chosen to abort
2020-02-06 07:51:15,997 - instagram_scraper.app - INFO - The user has chosen to abort
2020-02-06 07:51:16,153 - instagram_scraper.app - INFO - The user has chosen to abort
2020-02-06 07:51:16,304 - instagram_scraper.app - INFO - The user has chosen to abort
:51:15,491 - instagram_scraper.app - INFO - The user has chosen to abort
2020-02-06 07:51:15,997 - instagram_scraper.app - INFO - The user has chosen to abort
2020-02-06 07:51:16,153 - instagram_scraper.app - INFO - The user has chosen to abort
2020-02-06 07:51:16,304 - instagram_scraper.app - INFO - The user has chosen to abort
instagram_scraper.app - INFO - The user has chosen to abort
2020-02-06 07:51:15,997 - instagram_scraper.app - INFO - The user has chosen to abort
2020-02-06 07:51:16,153 - instagram_scraper.app - INFO - The user has chosen to abort
2020-02-06 07:51:16,304 - instagram_scraper.app - INFO - The user has chosen to abort
am_scraper.app - INFO - The user has chosen to abort
2020-02-06 07:51:15,491 - instagram_scraper.app - INFO - The user has chosen to abort
2020-02-06 07:51:15,997 - instagram_scraper.app - INFO - The user has chosen to abort
2020-02-06 07:51:16,153 - instagram_scraper.app - INFO - The user has chosen to abort
2020-02-06 07:51:16,304 - instagram_scraper.app - INFO - The user has chosen to abort
instagram.com/graphql/query/?query_hash=33ba35852cb50da46f5b5e889df7d159&variables=%7B%22shortcode%22:%22B1NN6fzBU_o%22,%22first%22:50,%22after%22:%22%22%7D',) on https://www.instagram.com/graphql/query/?query_hash=33ba35852cb50da46f5b5e889df7d159&variables={"shortcode":"B1NN6fzBU_o","first":50,"after":""}
2020-02-06 07:51:14,122 - instagram_scraper.app - INFO - The user has chosen to abort
2020-02-06 07:51:15,491 - instagram_scraper.app - INFO - The user has chosen to abort
2020-02-06 07:51:15,997 - instagram_scraper.app - INFO - The user has chosen to abort
2020-02-06 07:51:16,153 - instagram_scraper.app - INFO - The user has chosen to abort
2020-02-06 07:51:16,304 - instagram_scraper.app - INFO - The user has chosen to abort
he user has chosen to abort
2020-02-06 07:51:16,304 - instagram_scraper.app - INFO - The user has chosen to abort
 user has chosen to abort
2020-02-06 07:51:16,304 - instagram_scraper.app - INFO - The user has chosen to abort
user has chosen to abort
2020-02-06 07:51:16,304 - instagram_scraper.app - INFO - The user has chosen to abort
e user has chosen to abort
2020-02-06 07:51:16,153 - instagram_scraper.app - INFO - The user has chosen to abort
2020-02-06 07:51:16,304 - instagram_scraper.app - INFO - The user has chosen to abort
20-02-06 07:51:16,304 - instagram_scraper.app - INFO - The user has chosen to abort
aper.app - INFO - The user has chosen to abort
2020-02-06 07:51:15,997 - instagram_scraper.app - INFO - The user has chosen to abort
2020-02-06 07:51:16,153 - instagram_scraper.app - INFO - The user has chosen to abort
2020-02-06 07:51:16,304 - instagram_scraper.app - INFO - The user has chosen to abort
.app - WARNING - Retry after exception HTTPError('429 Client Error: - for url: https://www.instagram.com/graphql/query/?query_hash=33ba35852cb50da46f5b5e889df7d159&variables=%7B%22shortcode%22:%22B1NN6fzBU_o%22,%22first%22:50,%22after%22:%22%22%7D',) on https://www.instagram.com/graphql/query/?query_hash=33ba35852cb50da46f5b5e889df7d159&variables={"shortcode":"B1NN6fzBU_o","first":50,"after":""}
2020-02-06 07:51:14,122 - instagram_scraper.app - INFO - The user has chosen to abort
2020-02-06 07:51:15,491 - instagram_scraper.app - INFO - The user has chosen to abort
2020-02-06 07:51:15,997 - instagram_scraper.app - INFO - The user has chosen to abort
2020-02-06 07:51:16,153 - instagram_scraper.app - INFO - The user has chosen to abort
2020-02-06 07:51:16,304 - instagram_scraper.app - INFO - The user has chosen to abort
